2018-07-21 14:49:35.7347 
 Error 
 Exception The parameterized query '(@Username nvarchar(4000),@Password nvarchar(4000))Select dbo.f_' expects the parameter '@Username', which was not supplied. 
 Message An error occured when validating user. 
 <no type>.lambda_method => LoginController.Index => User.validateUser 

2018-07-21 14:49:36.3587 
 Error 
 Exception The parameterized query '(@Username nvarchar(4000),@Password nvarchar(4000))Select dbo.f_' expects the parameter '@Username', which was not supplied. 
 Message An error occured when validating user. 
 <no type>.lambda_method => LoginController.Index => User.validateUser 

2018-07-21 14:49:36.8581 
 Error 
 Exception The parameterized query '(@Username nvarchar(4000),@Password nvarchar(4000))Select dbo.f_' expects the parameter '@Username', which was not supplied. 
 Message An error occured when validating user. 
 <no type>.lambda_method => LoginController.Index => User.validateUser 

2018-07-21 14:49:37.2953 
 Error 
 Exception The parameterized query '(@Username nvarchar(4000),@Password nvarchar(4000))Select dbo.f_' expects the parameter '@Username', which was not supplied. 
 Message An error occured when validating user. 
 <no type>.lambda_method => LoginController.Index => User.validateUser 

2018-07-21 14:49:37.7530 
 Error 
 Exception The parameterized query '(@Username nvarchar(4000),@Password nvarchar(4000))Select dbo.f_' expects the parameter '@Username', which was not supplied. 
 Message An error occured when validating user. 
 <no type>.lambda_method => LoginController.Index => User.validateUser 

2018-07-21 14:49:38.1542 
 Error 
 Exception The parameterized query '(@Username nvarchar(4000),@Password nvarchar(4000))Select dbo.f_' expects the parameter '@Username', which was not supplied. 
 Message An error occured when validating user. 
 <no type>.lambda_method => LoginController.Index => User.validateUser 

2018-07-21 14:49:38.4728 
 Error 
 Exception The parameterized query '(@Username nvarchar(4000),@Password nvarchar(4000))Select dbo.f_' expects the parameter '@Username', which was not supplied. 
 Message An error occured when validating user. 
 <no type>.lambda_method => LoginController.Index => User.validateUser 

2018-07-21 14:49:38.7742 
 Error 
 Exception The parameterized query '(@Username nvarchar(4000),@Password nvarchar(4000))Select dbo.f_' expects the parameter '@Username', which was not supplied. 
 Message An error occured when validating user. 
 <no type>.lambda_method => LoginController.Index => User.validateUser 

2018-07-21 14:49:39.0923 
 Error 
 Exception The parameterized query '(@Username nvarchar(4000),@Password nvarchar(4000))Select dbo.f_' expects the parameter '@Username', which was not supplied. 
 Message An error occured when validating user. 
 <no type>.lambda_method => LoginController.Index => User.validateUser 

2018-07-21 14:49:39.3713 
 Error 
 Exception The parameterized query '(@Username nvarchar(4000),@Password nvarchar(4000))Select dbo.f_' expects the parameter '@Username', which was not supplied. 
 Message An error occured when validating user. 
 <no type>.lambda_method => LoginController.Index => User.validateUser 

2018-07-21 14:49:40.6085 
 Error 
 Exception The parameterized query '(@Username nvarchar(4000),@Password nvarchar(4000))Select dbo.f_' expects the parameter '@Username', which was not supplied. 
 Message An error occured when validating user. 
 <no type>.lambda_method => LoginController.Index => User.validateUser 

2018-07-21 14:49:41.1350 
 Error 
 Exception The parameterized query '(@Username nvarchar(4000),@Password nvarchar(4000))Select dbo.f_' expects the parameter '@Username', which was not supplied. 
 Message An error occured when validating user. 
 <no type>.lambda_method => LoginController.Index => User.validateUser 

2018-07-21 14:49:41.6051 
 Error 
 Exception The parameterized query '(@Username nvarchar(4000),@Password nvarchar(4000))Select dbo.f_' expects the parameter '@Username', which was not supplied. 
 Message An error occured when validating user. 
 <no type>.lambda_method => LoginController.Index => User.validateUser 

2018-07-21 14:49:42.0605 
 Error 
 Exception The parameterized query '(@Username nvarchar(4000),@Password nvarchar(4000))Select dbo.f_' expects the parameter '@Username', which was not supplied. 
 Message An error occured when validating user. 
 <no type>.lambda_method => LoginController.Index => User.validateUser 

2018-07-21 14:49:42.5070 
 Error 
 Exception The parameterized query '(@Username nvarchar(4000),@Password nvarchar(4000))Select dbo.f_' expects the parameter '@Username', which was not supplied. 
 Message An error occured when validating user. 
 <no type>.lambda_method => LoginController.Index => User.validateUser 

2018-07-21 14:49:42.9907 
 Error 
 Exception The parameterized query '(@Username nvarchar(4000),@Password nvarchar(4000))Select dbo.f_' expects the parameter '@Username', which was not supplied. 
 Message An error occured when validating user. 
 <no type>.lambda_method => LoginController.Index => User.validateUser 

2018-07-21 14:49:43.4722 
 Error 
 Exception The parameterized query '(@Username nvarchar(4000),@Password nvarchar(4000))Select dbo.f_' expects the parameter '@Username', which was not supplied. 
 Message An error occured when validating user. 
 <no type>.lambda_method => LoginController.Index => User.validateUser 

2018-07-21 14:49:43.9718 
 Error 
 Exception The parameterized query '(@Username nvarchar(4000),@Password nvarchar(4000))Select dbo.f_' expects the parameter '@Username', which was not supplied. 
 Message An error occured when validating user. 
 <no type>.lambda_method => LoginController.Index => User.validateUser 

2018-07-21 14:49:44.4231 
 Error 
 Exception The parameterized query '(@Username nvarchar(4000),@Password nvarchar(4000))Select dbo.f_' expects the parameter '@Username', which was not supplied. 
 Message An error occured when validating user. 
 <no type>.lambda_method => LoginController.Index => User.validateUser 

2018-07-21 14:49:44.8733 
 Error 
 Exception The parameterized query '(@Username nvarchar(4000),@Password nvarchar(4000))Select dbo.f_' expects the parameter '@Username', which was not supplied. 
 Message An error occured when validating user. 
 <no type>.lambda_method => LoginController.Index => User.validateUser 

2018-07-21 14:49:45.8974 
 Error 
 Exception The parameterized query '(@Username nvarchar(4000),@Password nvarchar(4000))Select dbo.f_' expects the parameter '@Username', which was not supplied. 
 Message An error occured when validating user. 
 <no type>.lambda_method => LoginController.Index => User.validateUser 

2018-07-21 15:06:05.5699 
 Error 
 Exception The parameterized query '(@Username nvarchar(4000),@Password nvarchar(4000))Select dbo.f_' expects the parameter '@Username', which was not supplied. 
 Message An error occured when validating user. 
 <no type>.lambda_method => LoginController.Index => User.validateUser 

2018-07-21 15:06:05.5699 
 Error 
 Exception The parameterized query '(@Username nvarchar(4000),@Password nvarchar(4000))Select dbo.f_' expects the parameter '@Username', which was not supplied. 
 Message An error occured when validating user. 
 <no type>.lambda_method => LoginController.Index => User.validateUser 

2018-07-21 15:06:05.6567 
 Error 
 Exception The parameterized query '(@Username nvarchar(4000),@Password nvarchar(4000))Select dbo.f_' expects the parameter '@Username', which was not supplied. 
 Message An error occured when validating user. 
 <no type>.lambda_method => LoginController.Index => User.validateUser 

2018-07-21 15:06:05.6567 
 Error 
 Exception The parameterized query '(@Username nvarchar(4000),@Password nvarchar(4000))Select dbo.f_' expects the parameter '@Username', which was not supplied. 
 Message An error occured when validating user. 
 <no type>.lambda_method => LoginController.Index => User.validateUser 

2018-07-21 15:06:05.6567 
 Error 
 Exception The parameterized query '(@Username nvarchar(4000),@Password nvarchar(4000))Select dbo.f_' expects the parameter '@Username', which was not supplied. 
 Message An error occured when validating user. 
 <no type>.lambda_method => LoginController.Index => User.validateUser 

2018-07-21 15:06:05.6806 
 Error 
 Exception The parameterized query '(@Username nvarchar(4000),@Password nvarchar(4000))Select dbo.f_' expects the parameter '@Username', which was not supplied. 
 Message An error occured when validating user. 
 <no type>.lambda_method => LoginController.Index => User.validateUser 

2018-07-21 15:06:05.6806 
 Error 
 Exception The parameterized query '(@Username nvarchar(4000),@Password nvarchar(4000))Select dbo.f_' expects the parameter '@Username', which was not supplied. 
 Message An error occured when validating user. 
 <no type>.lambda_method => LoginController.Index => User.validateUser 

2018-07-21 15:06:05.6806 
 Error 
 Exception The parameterized query '(@Username nvarchar(4000),@Password nvarchar(4000))Select dbo.f_' expects the parameter '@Username', which was not supplied. 
 Message An error occured when validating user. 
 <no type>.lambda_method => LoginController.Index => User.validateUser 

2018-07-21 15:06:05.6806 
 Error 
 Exception The parameterized query '(@Username nvarchar(4000),@Password nvarchar(4000))Select dbo.f_' expects the parameter '@Username', which was not supplied. 
 Message An error occured when validating user. 
 <no type>.lambda_method => LoginController.Index => User.validateUser 

2018-07-21 15:06:05.6806 
 Error 
 Exception The parameterized query '(@Username nvarchar(4000),@Password nvarchar(4000))Select dbo.f_' expects the parameter '@Username', which was not supplied. 
 Message An error occured when validating user. 
 <no type>.lambda_method => LoginController.Index => User.validateUser 

